{"/Users/miladarbabi/Codes/projects/ques/backend/adapters/reamaze/index.ts": {"path":"/Users/miladarbabi/Codes/projects/ques/backend/adapters/reamaze/index.ts","statementMap":{"0":{"start":{"line":13,"column":0},"end":{"line":13,"column":22}},"1":{"start":{"line":24,"column":0},"end":{"line":24,"column":22}},"2":{"start":{"line":35,"column":0},"end":{"line":35,"column":22}},"3":{"start":{"line":46,"column":0},"end":{"line":46,"column":22}},"4":{"start":{"line":57,"column":0},"end":{"line":57,"column":22}},"5":{"start":{"line":71,"column":0},"end":{"line":71,"column":22}},"6":{"start":{"line":82,"column":0},"end":{"line":82,"column":22}},"7":{"start":{"line":97,"column":0},"end":{"line":97,"column":22}},"8":{"start":{"line":112,"column":0},"end":{"line":112,"column":22}},"9":{"start":{"line":1,"column":0},"end":{"line":1,"column":26}},"10":{"start":{"line":4,"column":2},"end":{"line":10,"column":4}},"11":{"start":{"line":14,"column":28},"end":{"line":14,"column":39}},"12":{"start":{"line":15,"column":2},"end":{"line":21,"column":3}},"13":{"start":{"line":16,"column":17},"end":{"line":16,"column":70}},"14":{"start":{"line":17,"column":4},"end":{"line":17,"column":21}},"15":{"start":{"line":19,"column":4},"end":{"line":19,"column":60}},"16":{"start":{"line":20,"column":4},"end":{"line":20,"column":16}},"17":{"start":{"line":25,"column":28},"end":{"line":25,"column":39}},"18":{"start":{"line":26,"column":2},"end":{"line":32,"column":3}},"19":{"start":{"line":27,"column":17},"end":{"line":27,"column":77}},"20":{"start":{"line":28,"column":4},"end":{"line":28,"column":21}},"21":{"start":{"line":30,"column":4},"end":{"line":30,"column":60}},"22":{"start":{"line":31,"column":4},"end":{"line":31,"column":16}},"23":{"start":{"line":36,"column":28},"end":{"line":36,"column":39}},"24":{"start":{"line":37,"column":2},"end":{"line":43,"column":3}},"25":{"start":{"line":38,"column":17},"end":{"line":38,"column":82}},"26":{"start":{"line":39,"column":4},"end":{"line":39,"column":21}},"27":{"start":{"line":41,"column":4},"end":{"line":41,"column":60}},"28":{"start":{"line":42,"column":4},"end":{"line":42,"column":16}},"29":{"start":{"line":47,"column":28},"end":{"line":47,"column":39}},"30":{"start":{"line":48,"column":2},"end":{"line":54,"column":3}},"31":{"start":{"line":49,"column":17},"end":{"line":49,"column":73}},"32":{"start":{"line":50,"column":4},"end":{"line":50,"column":21}},"33":{"start":{"line":52,"column":4},"end":{"line":52,"column":60}},"34":{"start":{"line":53,"column":4},"end":{"line":53,"column":16}},"35":{"start":{"line":57,"column":34},"end":{"line":69,"column":null}},"36":{"start":{"line":58,"column":28},"end":{"line":58,"column":39}},"37":{"start":{"line":59,"column":2},"end":{"line":68,"column":3}},"38":{"start":{"line":60,"column":17},"end":{"line":63,"column":6}},"39":{"start":{"line":64,"column":4},"end":{"line":64,"column":21}},"40":{"start":{"line":66,"column":4},"end":{"line":66,"column":60}},"41":{"start":{"line":67,"column":4},"end":{"line":67,"column":16}},"42":{"start":{"line":72,"column":28},"end":{"line":72,"column":39}},"43":{"start":{"line":73,"column":2},"end":{"line":79,"column":3}},"44":{"start":{"line":74,"column":17},"end":{"line":74,"column":85}},"45":{"start":{"line":75,"column":4},"end":{"line":75,"column":21}},"46":{"start":{"line":77,"column":4},"end":{"line":77,"column":69}},"47":{"start":{"line":78,"column":4},"end":{"line":78,"column":16}},"48":{"start":{"line":83,"column":28},"end":{"line":83,"column":39}},"49":{"start":{"line":84,"column":2},"end":{"line":94,"column":3}},"50":{"start":{"line":85,"column":17},"end":{"line":88,"column":null}},"51":{"start":{"line":90,"column":4},"end":{"line":90,"column":21}},"52":{"start":{"line":92,"column":4},"end":{"line":92,"column":69}},"53":{"start":{"line":93,"column":4},"end":{"line":93,"column":16}},"54":{"start":{"line":98,"column":28},"end":{"line":98,"column":39}},"55":{"start":{"line":99,"column":2},"end":{"line":109,"column":3}},"56":{"start":{"line":100,"column":17},"end":{"line":103,"column":null}},"57":{"start":{"line":105,"column":4},"end":{"line":105,"column":21}},"58":{"start":{"line":107,"column":4},"end":{"line":107,"column":68}},"59":{"start":{"line":108,"column":4},"end":{"line":108,"column":16}},"60":{"start":{"line":113,"column":28},"end":{"line":113,"column":39}},"61":{"start":{"line":114,"column":2},"end":{"line":123,"column":3}},"62":{"start":{"line":115,"column":17},"end":{"line":117,"column":null}},"63":{"start":{"line":119,"column":4},"end":{"line":119,"column":21}},"64":{"start":{"line":121,"column":4},"end":{"line":121,"column":68}},"65":{"start":{"line":122,"column":4},"end":{"line":122,"column":16}}},"fnMap":{"0":{"name":"getConfig","decl":{"start":{"line":3,"column":9},"end":{"line":3,"column":18}},"loc":{"start":{"line":3,"column":18},"end":{"line":11,"column":1}}},"1":{"name":"getTicket","decl":{"start":{"line":13,"column":22},"end":{"line":13,"column":31}},"loc":{"start":{"line":13,"column":42},"end":{"line":22,"column":null}}},"2":{"name":"createTicket","decl":{"start":{"line":24,"column":22},"end":{"line":24,"column":34}},"loc":{"start":{"line":24,"column":50},"end":{"line":33,"column":null}}},"3":{"name":"updateTicket","decl":{"start":{"line":35,"column":22},"end":{"line":35,"column":34}},"loc":{"start":{"line":35,"column":62},"end":{"line":44,"column":null}}},"4":{"name":"deleteTicket","decl":{"start":{"line":46,"column":22},"end":{"line":46,"column":34}},"loc":{"start":{"line":46,"column":45},"end":{"line":55,"column":null}}},"5":{"name":"listTickets","decl":{"start":{"line":57,"column":22},"end":{"line":57,"column":33}},"loc":{"start":{"line":57,"column":33},"end":{"line":69,"column":null}}},"6":{"name":"(anonymous_17)","decl":{"start":{"line":57,"column":34},"end":{"line":57,"column":53}},"loc":{"start":{"line":57,"column":55},"end":{"line":69,"column":1}}},"7":{"name":"getTicketComments","decl":{"start":{"line":71,"column":22},"end":{"line":71,"column":39}},"loc":{"start":{"line":71,"column":56},"end":{"line":80,"column":null}}},"8":{"name":"addTicketComment","decl":{"start":{"line":82,"column":22},"end":{"line":82,"column":38}},"loc":{"start":{"line":82,"column":73},"end":{"line":95,"column":null}}},"9":{"name":"updateTicketComment","decl":{"start":{"line":97,"column":22},"end":{"line":97,"column":41}},"loc":{"start":{"line":97,"column":95},"end":{"line":110,"column":null}}},"10":{"name":"deleteTicketComment","decl":{"start":{"line":112,"column":22},"end":{"line":112,"column":41}},"loc":{"start":{"line":112,"column":77},"end":{"line":124,"column":null}}}},"branchMap":{"0":{"loc":{"start":{"line":57,"column":34},"end":{"line":57,"column":55}},"type":"default-arg","locations":[{"start":{"line":57,"column":53},"end":{"line":57,"column":55}}]}},"s":{"0":1,"1":1,"2":1,"3":1,"4":1,"5":1,"6":1,"7":1,"8":1,"9":1,"10":19,"11":2,"12":2,"13":2,"14":1,"15":1,"16":1,"17":2,"18":2,"19":2,"20":1,"21":1,"22":1,"23":2,"24":2,"25":2,"26":1,"27":1,"28":1,"29":2,"30":2,"31":2,"32":1,"33":1,"34":1,"35":3,"36":3,"37":3,"38":3,"39":2,"40":1,"41":1,"42":2,"43":2,"44":2,"45":1,"46":1,"47":1,"48":2,"49":2,"50":2,"51":1,"52":1,"53":1,"54":2,"55":2,"56":2,"57":1,"58":1,"59":1,"60":2,"61":2,"62":2,"63":1,"64":1,"65":1},"f":{"0":19,"1":2,"2":2,"3":2,"4":2,"5":3,"6":3,"7":2,"8":2,"9":2,"10":2},"b":{"0":[2]}}
,"/Users/miladarbabi/Codes/projects/ques/backend/adapters/zendesk/index.ts": {"path":"/Users/miladarbabi/Codes/projects/ques/backend/adapters/zendesk/index.ts","statementMap":{"0":{"start":{"line":14,"column":0},"end":{"line":14,"column":22}},"1":{"start":{"line":25,"column":0},"end":{"line":25,"column":22}},"2":{"start":{"line":40,"column":0},"end":{"line":40,"column":22}},"3":{"start":{"line":55,"column":0},"end":{"line":55,"column":22}},"4":{"start":{"line":66,"column":0},"end":{"line":66,"column":22}},"5":{"start":{"line":77,"column":0},"end":{"line":77,"column":22}},"6":{"start":{"line":91,"column":0},"end":{"line":91,"column":22}},"7":{"start":{"line":105,"column":0},"end":{"line":105,"column":22}},"8":{"start":{"line":120,"column":0},"end":{"line":120,"column":22}},"9":{"start":{"line":139,"column":0},"end":{"line":139,"column":22}},"10":{"start":{"line":2,"column":0},"end":{"line":2,"column":26}},"11":{"start":{"line":5,"column":2},"end":{"line":11,"column":4}},"12":{"start":{"line":15,"column":25},"end":{"line":15,"column":36}},"13":{"start":{"line":16,"column":2},"end":{"line":22,"column":3}},"14":{"start":{"line":17,"column":21},"end":{"line":17,"column":76}},"15":{"start":{"line":18,"column":4},"end":{"line":18,"column":32}},"16":{"start":{"line":20,"column":4},"end":{"line":20,"column":51}},"17":{"start":{"line":21,"column":4},"end":{"line":21,"column":16}},"18":{"start":{"line":26,"column":25},"end":{"line":26,"column":36}},"19":{"start":{"line":27,"column":2},"end":{"line":37,"column":3}},"20":{"start":{"line":28,"column":21},"end":{"line":31,"column":null}},"21":{"start":{"line":33,"column":4},"end":{"line":33,"column":32}},"22":{"start":{"line":35,"column":4},"end":{"line":35,"column":51}},"23":{"start":{"line":36,"column":4},"end":{"line":36,"column":16}},"24":{"start":{"line":41,"column":25},"end":{"line":41,"column":36}},"25":{"start":{"line":42,"column":2},"end":{"line":52,"column":3}},"26":{"start":{"line":43,"column":21},"end":{"line":46,"column":null}},"27":{"start":{"line":48,"column":4},"end":{"line":48,"column":32}},"28":{"start":{"line":50,"column":4},"end":{"line":50,"column":51}},"29":{"start":{"line":51,"column":4},"end":{"line":51,"column":16}},"30":{"start":{"line":56,"column":25},"end":{"line":56,"column":36}},"31":{"start":{"line":57,"column":2},"end":{"line":63,"column":3}},"32":{"start":{"line":58,"column":4},"end":{"line":58,"column":63}},"33":{"start":{"line":59,"column":4},"end":{"line":59,"column":29}},"34":{"start":{"line":61,"column":4},"end":{"line":61,"column":51}},"35":{"start":{"line":62,"column":4},"end":{"line":62,"column":16}},"36":{"start":{"line":67,"column":25},"end":{"line":67,"column":36}},"37":{"start":{"line":68,"column":2},"end":{"line":74,"column":3}},"38":{"start":{"line":69,"column":21},"end":{"line":69,"column":70}},"39":{"start":{"line":70,"column":4},"end":{"line":70,"column":33}},"40":{"start":{"line":72,"column":4},"end":{"line":72,"column":51}},"41":{"start":{"line":73,"column":4},"end":{"line":73,"column":16}},"42":{"start":{"line":78,"column":25},"end":{"line":78,"column":36}},"43":{"start":{"line":79,"column":2},"end":{"line":88,"column":3}},"44":{"start":{"line":80,"column":21},"end":{"line":83,"column":6}},"45":{"start":{"line":84,"column":4},"end":{"line":84,"column":33}},"46":{"start":{"line":86,"column":4},"end":{"line":86,"column":53}},"47":{"start":{"line":87,"column":4},"end":{"line":87,"column":16}},"48":{"start":{"line":92,"column":25},"end":{"line":92,"column":36}},"49":{"start":{"line":93,"column":2},"end":{"line":102,"column":3}},"50":{"start":{"line":94,"column":21},"end":{"line":96,"column":null}},"51":{"start":{"line":98,"column":4},"end":{"line":98,"column":34}},"52":{"start":{"line":100,"column":4},"end":{"line":100,"column":60}},"53":{"start":{"line":101,"column":4},"end":{"line":101,"column":16}},"54":{"start":{"line":106,"column":25},"end":{"line":106,"column":36}},"55":{"start":{"line":107,"column":2},"end":{"line":117,"column":3}},"56":{"start":{"line":108,"column":21},"end":{"line":111,"column":null}},"57":{"start":{"line":113,"column":4},"end":{"line":113,"column":33}},"58":{"start":{"line":115,"column":4},"end":{"line":115,"column":57}},"59":{"start":{"line":116,"column":4},"end":{"line":116,"column":16}},"60":{"start":{"line":125,"column":25},"end":{"line":125,"column":36}},"61":{"start":{"line":126,"column":2},"end":{"line":136,"column":3}},"62":{"start":{"line":127,"column":21},"end":{"line":130,"column":null}},"63":{"start":{"line":132,"column":4},"end":{"line":132,"column":33}},"64":{"start":{"line":134,"column":4},"end":{"line":134,"column":59}},"65":{"start":{"line":135,"column":4},"end":{"line":135,"column":16}},"66":{"start":{"line":143,"column":25},"end":{"line":143,"column":36}},"67":{"start":{"line":144,"column":2},"end":{"line":153,"column":3}},"68":{"start":{"line":145,"column":4},"end":{"line":148,"column":6}},"69":{"start":{"line":149,"column":4},"end":{"line":149,"column":29}},"70":{"start":{"line":151,"column":4},"end":{"line":151,"column":59}},"71":{"start":{"line":152,"column":4},"end":{"line":152,"column":16}}},"fnMap":{"0":{"name":"getConfig","decl":{"start":{"line":4,"column":9},"end":{"line":4,"column":18}},"loc":{"start":{"line":4,"column":18},"end":{"line":12,"column":1}}},"1":{"name":"getTicket","decl":{"start":{"line":14,"column":22},"end":{"line":14,"column":31}},"loc":{"start":{"line":14,"column":42},"end":{"line":23,"column":null}}},"2":{"name":"createTicket","decl":{"start":{"line":25,"column":22},"end":{"line":25,"column":34}},"loc":{"start":{"line":25,"column":50},"end":{"line":38,"column":null}}},"3":{"name":"updateTicket","decl":{"start":{"line":40,"column":22},"end":{"line":40,"column":34}},"loc":{"start":{"line":40,"column":62},"end":{"line":53,"column":null}}},"4":{"name":"deleteTicket","decl":{"start":{"line":55,"column":22},"end":{"line":55,"column":34}},"loc":{"start":{"line":55,"column":45},"end":{"line":64,"column":null}}},"5":{"name":"listTickets","decl":{"start":{"line":66,"column":22},"end":{"line":66,"column":33}},"loc":{"start":{"line":66,"column":33},"end":{"line":75,"column":null}}},"6":{"name":"searchTickets","decl":{"start":{"line":77,"column":22},"end":{"line":77,"column":35}},"loc":{"start":{"line":77,"column":49},"end":{"line":89,"column":null}}},"7":{"name":"getTicketComments","decl":{"start":{"line":91,"column":22},"end":{"line":91,"column":39}},"loc":{"start":{"line":91,"column":56},"end":{"line":103,"column":null}}},"8":{"name":"addTicketComment","decl":{"start":{"line":105,"column":22},"end":{"line":105,"column":38}},"loc":{"start":{"line":105,"column":73},"end":{"line":118,"column":null}}},"9":{"name":"updateTicketComment","decl":{"start":{"line":120,"column":22},"end":{"line":120,"column":41}},"loc":{"start":{"line":123,"column":18},"end":{"line":137,"column":null}}},"10":{"name":"deleteTicketComment","decl":{"start":{"line":139,"column":22},"end":{"line":139,"column":41}},"loc":{"start":{"line":141,"column":19},"end":{"line":154,"column":null}}}},"branchMap":{},"s":{"0":1,"1":1,"2":1,"3":1,"4":1,"5":1,"6":1,"7":1,"8":1,"9":1,"10":1,"11":20,"12":2,"13":2,"14":2,"15":1,"16":1,"17":1,"18":2,"19":2,"20":2,"21":1,"22":1,"23":1,"24":2,"25":2,"26":2,"27":1,"28":1,"29":1,"30":2,"31":2,"32":2,"33":1,"34":1,"35":1,"36":2,"37":2,"38":2,"39":1,"40":1,"41":1,"42":2,"43":2,"44":2,"45":1,"46":1,"47":1,"48":2,"49":2,"50":2,"51":1,"52":1,"53":1,"54":2,"55":2,"56":2,"57":1,"58":1,"59":1,"60":2,"61":2,"62":2,"63":1,"64":1,"65":1,"66":2,"67":2,"68":2,"69":1,"70":1,"71":1},"f":{"0":20,"1":2,"2":2,"3":2,"4":2,"5":2,"6":2,"7":2,"8":2,"9":2,"10":2},"b":{}}
,"/Users/miladarbabi/Codes/projects/ques/backend/services/ai/index.ts": {"path":"/Users/miladarbabi/Codes/projects/ques/backend/services/ai/index.ts","statementMap":{"0":{"start":{"line":1,"column":0},"end":{"line":1,"column":22}},"1":{"start":{"line":3,"column":2},"end":{"line":3,"column":null}}},"fnMap":{"0":{"name":"analyzeText","decl":{"start":{"line":1,"column":22},"end":{"line":1,"column":33}},"loc":{"start":{"line":1,"column":46},"end":{"line":4,"column":null}}}},"branchMap":{},"s":{"0":1,"1":1},"f":{"0":1},"b":{}}
,"/Users/miladarbabi/Codes/projects/ques/backend/services/shopify/cache.ts": {"path":"/Users/miladarbabi/Codes/projects/ques/backend/services/shopify/cache.ts","statementMap":{"0":{"start":{"line":5,"column":0},"end":{"line":5,"column":22}},"1":{"start":{"line":10,"column":0},"end":{"line":10,"column":22}},"2":{"start":{"line":1,"column":0},"end":{"line":1,"column":28}},"3":{"start":{"line":3,"column":14},"end":{"line":3,"column":46}},"4":{"start":{"line":6,"column":15},"end":{"line":6,"column":35}},"5":{"start":{"line":7,"column":2},"end":{"line":7,"column":40}},"6":{"start":{"line":10,"column":32},"end":{"line":12,"column":null}},"7":{"start":{"line":11,"column":2},"end":{"line":11,"column":57}}},"fnMap":{"0":{"name":"getCached","decl":{"start":{"line":5,"column":22},"end":{"line":5,"column":31}},"loc":{"start":{"line":5,"column":43},"end":{"line":8,"column":null}}},"1":{"name":"setCached","decl":{"start":{"line":10,"column":22},"end":{"line":10,"column":31}},"loc":{"start":{"line":10,"column":31},"end":{"line":12,"column":null}}},"2":{"name":"(anonymous_10)","decl":{"start":{"line":10,"column":32},"end":{"line":10,"column":43}},"loc":{"start":{"line":10,"column":65},"end":{"line":12,"column":1}}}},"branchMap":{"0":{"loc":{"start":{"line":7,"column":9},"end":{"line":7,"column":39}},"type":"cond-expr","locations":[{"start":{"line":7,"column":16},"end":{"line":7,"column":32}},{"start":{"line":7,"column":35},"end":{"line":7,"column":39}}]},"1":{"loc":{"start":{"line":10,"column":57},"end":{"line":10,"column":65}},"type":"default-arg","locations":[{"start":{"line":10,"column":63},"end":{"line":10,"column":65}}]}},"s":{"0":2,"1":2,"2":2,"3":2,"4":1,"5":1,"6":1,"7":1},"f":{"0":1,"1":1,"2":1},"b":{"0":[1,0],"1":[0]}}
,"/Users/miladarbabi/Codes/projects/ques/backend/services/shopify/index.ts": {"path":"/Users/miladarbabi/Codes/projects/ques/backend/services/shopify/index.ts","statementMap":{"0":{"start":{"line":11,"column":0},"end":{"line":11,"column":22}},"1":{"start":{"line":42,"column":0},"end":{"line":42,"column":22}},"2":{"start":{"line":58,"column":0},"end":{"line":58,"column":22}},"3":{"start":{"line":74,"column":0},"end":{"line":74,"column":22}},"4":{"start":{"line":88,"column":0},"end":{"line":88,"column":22}},"5":{"start":{"line":102,"column":0},"end":{"line":102,"column":22}},"6":{"start":{"line":126,"column":0},"end":{"line":126,"column":22}},"7":{"start":{"line":142,"column":0},"end":{"line":142,"column":22}},"8":{"start":{"line":158,"column":0},"end":{"line":158,"column":22}},"9":{"start":{"line":2,"column":0},"end":{"line":2,"column":55}},"10":{"start":{"line":3,"column":0},"end":{"line":3,"column":46}},"11":{"start":{"line":5,"column":0},"end":{"line":5,"column":26}},"12":{"start":{"line":6,"column":0},"end":{"line":6,"column":47}},"13":{"start":{"line":8,"column":20},"end":{"line":8,"column":50}},"14":{"start":{"line":9,"column":21},"end":{"line":9,"column":54}},"15":{"start":{"line":12,"column":19},"end":{"line":12,"column":45}},"16":{"start":{"line":13,"column":25},"end":{"line":13,"column":29}},"17":{"start":{"line":14,"column":2},"end":{"line":18,"column":3}},"18":{"start":{"line":15,"column":4},"end":{"line":15,"column":44}},"19":{"start":{"line":17,"column":4},"end":{"line":17,"column":57}},"20":{"start":{"line":19,"column":2},"end":{"line":21,"column":3}},"21":{"start":{"line":20,"column":4},"end":{"line":20,"column":23}},"22":{"start":{"line":23,"column":2},"end":{"line":39,"column":3}},"23":{"start":{"line":24,"column":21},"end":{"line":30,"column":null}},"24":{"start":{"line":32,"column":18},"end":{"line":32,"column":37}},"25":{"start":{"line":34,"column":4},"end":{"line":34,"column":46}},"26":{"start":{"line":35,"column":4},"end":{"line":35,"column":17}},"27":{"start":{"line":37,"column":4},"end":{"line":37,"column":50}},"28":{"start":{"line":38,"column":4},"end":{"line":38,"column":16}},"29":{"start":{"line":43,"column":2},"end":{"line":55,"column":3}},"30":{"start":{"line":44,"column":21},"end":{"line":50,"column":null}},"31":{"start":{"line":52,"column":4},"end":{"line":52,"column":31}},"32":{"start":{"line":54,"column":4},"end":{"line":54,"column":16}},"33":{"start":{"line":59,"column":2},"end":{"line":71,"column":3}},"34":{"start":{"line":60,"column":21},"end":{"line":66,"column":null}},"35":{"start":{"line":68,"column":4},"end":{"line":68,"column":31}},"36":{"start":{"line":70,"column":4},"end":{"line":70,"column":16}},"37":{"start":{"line":75,"column":2},"end":{"line":85,"column":3}},"38":{"start":{"line":76,"column":4},"end":{"line":80,"column":7}},"39":{"start":{"line":81,"column":4},"end":{"line":81,"column":29}},"40":{"start":{"line":83,"column":4},"end":{"line":83,"column":50}},"41":{"start":{"line":84,"column":4},"end":{"line":84,"column":16}},"42":{"start":{"line":89,"column":2},"end":{"line":99,"column":3}},"43":{"start":{"line":90,"column":21},"end":{"line":94,"column":6}},"44":{"start":{"line":95,"column":4},"end":{"line":95,"column":32}},"45":{"start":{"line":97,"column":4},"end":{"line":97,"column":50}},"46":{"start":{"line":98,"column":4},"end":{"line":98,"column":16}},"47":{"start":{"line":103,"column":19},"end":{"line":103,"column":49}},"48":{"start":{"line":104,"column":24},"end":{"line":104,"column":49}},"49":{"start":{"line":106,"column":2},"end":{"line":108,"column":3}},"50":{"start":{"line":107,"column":4},"end":{"line":107,"column":25}},"51":{"start":{"line":110,"column":2},"end":{"line":123,"column":3}},"52":{"start":{"line":111,"column":21},"end":{"line":115,"column":6}},"53":{"start":{"line":116,"column":20},"end":{"line":116,"column":41}},"54":{"start":{"line":118,"column":4},"end":{"line":118,"column":42}},"55":{"start":{"line":119,"column":4},"end":{"line":119,"column":19}},"56":{"start":{"line":121,"column":4},"end":{"line":121,"column":52}},"57":{"start":{"line":122,"column":4},"end":{"line":122,"column":16}},"58":{"start":{"line":127,"column":2},"end":{"line":139,"column":3}},"59":{"start":{"line":128,"column":21},"end":{"line":134,"column":null}},"60":{"start":{"line":136,"column":4},"end":{"line":136,"column":33}},"61":{"start":{"line":138,"column":4},"end":{"line":138,"column":16}},"62":{"start":{"line":143,"column":2},"end":{"line":155,"column":3}},"63":{"start":{"line":144,"column":21},"end":{"line":150,"column":null}},"64":{"start":{"line":152,"column":4},"end":{"line":152,"column":33}},"65":{"start":{"line":154,"column":4},"end":{"line":154,"column":16}},"66":{"start":{"line":159,"column":2},"end":{"line":169,"column":3}},"67":{"start":{"line":160,"column":4},"end":{"line":164,"column":7}},"68":{"start":{"line":165,"column":4},"end":{"line":165,"column":29}},"69":{"start":{"line":167,"column":4},"end":{"line":167,"column":52}},"70":{"start":{"line":168,"column":4},"end":{"line":168,"column":16}}},"fnMap":{"0":{"name":"getOrder","decl":{"start":{"line":11,"column":22},"end":{"line":11,"column":30}},"loc":{"start":{"line":11,"column":46},"end":{"line":40,"column":null}}},"1":{"name":"createOrder","decl":{"start":{"line":42,"column":22},"end":{"line":42,"column":33}},"loc":{"start":{"line":42,"column":48},"end":{"line":56,"column":null}}},"2":{"name":"updateOrder","decl":{"start":{"line":58,"column":22},"end":{"line":58,"column":33}},"loc":{"start":{"line":58,"column":65},"end":{"line":72,"column":null}}},"3":{"name":"deleteOrder","decl":{"start":{"line":74,"column":22},"end":{"line":74,"column":33}},"loc":{"start":{"line":74,"column":49},"end":{"line":86,"column":null}}},"4":{"name":"listOrders","decl":{"start":{"line":88,"column":22},"end":{"line":88,"column":32}},"loc":{"start":{"line":88,"column":32},"end":{"line":100,"column":null}}},"5":{"name":"getProduct","decl":{"start":{"line":102,"column":22},"end":{"line":102,"column":32}},"loc":{"start":{"line":102,"column":50},"end":{"line":124,"column":null}}},"6":{"name":"createProduct","decl":{"start":{"line":126,"column":22},"end":{"line":126,"column":35}},"loc":{"start":{"line":126,"column":52},"end":{"line":140,"column":null}}},"7":{"name":"updateProduct","decl":{"start":{"line":142,"column":22},"end":{"line":142,"column":35}},"loc":{"start":{"line":142,"column":71},"end":{"line":156,"column":null}}},"8":{"name":"deleteProduct","decl":{"start":{"line":158,"column":22},"end":{"line":158,"column":35}},"loc":{"start":{"line":158,"column":53},"end":{"line":170,"column":null}}}},"branchMap":{"0":{"loc":{"start":{"line":19,"column":2},"end":{"line":21,"column":3}},"type":"if","locations":[{"start":{"line":19,"column":2},"end":{"line":21,"column":3}}]},"1":{"loc":{"start":{"line":106,"column":2},"end":{"line":108,"column":3}},"type":"if","locations":[{"start":{"line":106,"column":2},"end":{"line":108,"column":3}}]}},"s":{"0":1,"1":1,"2":1,"3":1,"4":1,"5":1,"6":1,"7":1,"8":1,"9":1,"10":1,"11":1,"12":1,"13":1,"14":1,"15":4,"16":4,"17":4,"18":4,"19":1,"20":4,"21":1,"22":3,"23":3,"24":2,"25":2,"26":2,"27":1,"28":1,"29":2,"30":2,"31":1,"32":1,"33":2,"34":2,"35":1,"36":1,"37":2,"38":2,"39":1,"40":1,"41":1,"42":2,"43":2,"44":1,"45":1,"46":1,"47":3,"48":3,"49":3,"50":1,"51":2,"52":2,"53":1,"54":1,"55":1,"56":1,"57":1,"58":2,"59":2,"60":1,"61":1,"62":2,"63":2,"64":1,"65":1,"66":2,"67":2,"68":1,"69":1,"70":1},"f":{"0":4,"1":2,"2":2,"3":2,"4":2,"5":3,"6":2,"7":2,"8":2},"b":{"0":[1],"1":[1]}}
,"/Users/miladarbabi/Codes/projects/ques/backend/templates/autoReply.ts": {"path":"/Users/miladarbabi/Codes/projects/ques/backend/templates/autoReply.ts","statementMap":{"0":{"start":{"line":1,"column":0},"end":{"line":1,"column":16}},"1":{"start":{"line":2,"column":15},"end":{"line":2,"column":58}},"2":{"start":{"line":3,"column":2},"end":{"line":12,"column":4}}},"fnMap":{"0":{"name":"generateAutoReplyContent","decl":{"start":{"line":1,"column":16},"end":{"line":1,"column":40}},"loc":{"start":{"line":1,"column":79},"end":{"line":13,"column":1}}}},"branchMap":{},"s":{"0":1,"1":1,"2":1},"f":{"0":1},"b":{}}
}
