{"/Users/miladarbabi/Codes/projects/ques/backend/schema/index.ts": {"path":"/Users/miladarbabi/Codes/projects/ques/backend/schema/index.ts","statementMap":{"0":{"start":{"line":2,"column":0},"end":{"line":2,"column":36}},"1":{"start":{"line":6,"column":13},"end":{"line":16,"column":2}},"2":{"start":{"line":18,"column":13},"end":{"line":37,"column":2}},"3":{"start":{"line":26,"column":6},"end":{"line":32,"column":null}},"4":{"start":{"line":27,"column":8},"end":{"line":27,"column":61}},"5":{"start":{"line":28,"column":13},"end":{"line":32,"column":null}},"6":{"start":{"line":29,"column":8},"end":{"line":29,"column":61}},"7":{"start":{"line":31,"column":8},"end":{"line":31,"column":53}},"8":{"start":{"line":34,"column":6},"end":{"line":34,"column":50}},"9":{"start":{"line":34,"column":31},"end":{"line":34,"column":47}}},"fnMap":{"0":{"name":"(anonymous_0)","decl":{"start":{"line":20,"column":13},"end":{"line":20,"column":18}},"loc":{"start":{"line":24,"column":8},"end":{"line":35,"column":5}}},"1":{"name":"(anonymous_1)","decl":{"start":{"line":34,"column":25},"end":{"line":34,"column":26}},"loc":{"start":{"line":34,"column":31},"end":{"line":34,"column":47}}}},"branchMap":{"0":{"loc":{"start":{"line":26,"column":6},"end":{"line":32,"column":null}},"type":"if","locations":[{"start":{"line":26,"column":6},"end":{"line":32,"column":null}},{"start":{"line":28,"column":13},"end":{"line":32,"column":null}}]},"1":{"loc":{"start":{"line":28,"column":13},"end":{"line":32,"column":null}},"type":"if","locations":[{"start":{"line":28,"column":13},"end":{"line":32,"column":null}},{"start":{"line":30,"column":13},"end":{"line":32,"column":null}}]}},"s":{"0":1,"1":1,"2":1,"3":3,"4":1,"5":2,"6":1,"7":1,"8":2,"9":4},"f":{"0":3,"1":4},"b":{"0":[1,2],"1":[1,1]}}
}
