TN:
SF:adapters/reamaze/index.ts
FN:3,getConfig
FN:13,getTicket
FN:24,createTicket
FN:35,updateTicket
FN:46,deleteTicket
FN:57,listTickets
FN:57,(anonymous_17)
FN:71,getTicketComments
FN:82,addTicketComment
FN:97,updateTicketComment
FN:112,deleteTicketComment
FNF:11
FNH:11
FNDA:19,getConfig
FNDA:2,getTicket
FNDA:2,createTicket
FNDA:2,updateTicket
FNDA:2,deleteTicket
FNDA:3,listTickets
FNDA:3,(anonymous_17)
FNDA:2,getTicketComments
FNDA:2,addTicketComment
FNDA:2,updateTicketComment
FNDA:2,deleteTicketComment
DA:1,1
DA:4,19
DA:13,1
DA:14,2
DA:15,2
DA:16,2
DA:17,1
DA:19,1
DA:20,1
DA:24,1
DA:25,2
DA:26,2
DA:27,2
DA:28,1
DA:30,1
DA:31,1
DA:35,1
DA:36,2
DA:37,2
DA:38,2
DA:39,1
DA:41,1
DA:42,1
DA:46,1
DA:47,2
DA:48,2
DA:49,2
DA:50,1
DA:52,1
DA:53,1
DA:57,3
DA:58,3
DA:59,3
DA:60,3
DA:64,2
DA:66,1
DA:67,1
DA:71,1
DA:72,2
DA:73,2
DA:74,2
DA:75,1
DA:77,1
DA:78,1
DA:82,1
DA:83,2
DA:84,2
DA:85,2
DA:90,1
DA:92,1
DA:93,1
DA:97,1
DA:98,2
DA:99,2
DA:100,2
DA:105,1
DA:107,1
DA:108,1
DA:112,1
DA:113,2
DA:114,2
DA:115,2
DA:119,1
DA:121,1
DA:122,1
LF:65
LH:65
BRDA:57,0,0,2
BRF:1
BRH:1
end_of_record
TN:
SF:adapters/zendesk/index.ts
FN:4,getConfig
FN:14,getTicket
FN:25,createTicket
FN:40,updateTicket
FN:55,deleteTicket
FN:66,listTickets
FN:77,searchTickets
FN:91,getTicketComments
FN:105,addTicketComment
FN:120,updateTicketComment
FN:139,deleteTicketComment
FNF:11
FNH:11
FNDA:20,getConfig
FNDA:2,getTicket
FNDA:2,createTicket
FNDA:2,updateTicket
FNDA:2,deleteTicket
FNDA:2,listTickets
FNDA:2,searchTickets
FNDA:2,getTicketComments
FNDA:2,addTicketComment
FNDA:2,updateTicketComment
FNDA:2,deleteTicketComment
DA:2,1
DA:5,20
DA:14,1
DA:15,2
DA:16,2
DA:17,2
DA:18,1
DA:20,1
DA:21,1
DA:25,1
DA:26,2
DA:27,2
DA:28,2
DA:33,1
DA:35,1
DA:36,1
DA:40,1
DA:41,2
DA:42,2
DA:43,2
DA:48,1
DA:50,1
DA:51,1
DA:55,1
DA:56,2
DA:57,2
DA:58,2
DA:59,1
DA:61,1
DA:62,1
DA:66,1
DA:67,2
DA:68,2
DA:69,2
DA:70,1
DA:72,1
DA:73,1
DA:77,1
DA:78,2
DA:79,2
DA:80,2
DA:84,1
DA:86,1
DA:87,1
DA:91,1
DA:92,2
DA:93,2
DA:94,2
DA:98,1
DA:100,1
DA:101,1
DA:105,1
DA:106,2
DA:107,2
DA:108,2
DA:113,1
DA:115,1
DA:116,1
DA:120,1
DA:125,2
DA:126,2
DA:127,2
DA:132,1
DA:134,1
DA:135,1
DA:139,1
DA:143,2
DA:144,2
DA:145,2
DA:149,1
DA:151,1
DA:152,1
LF:72
LH:72
BRF:0
BRH:0
end_of_record
TN:
SF:services/ai/index.ts
FN:1,analyzeText
FNF:1
FNH:1
FNDA:1,analyzeText
DA:1,1
DA:3,1
LF:2
LH:2
BRF:0
BRH:0
end_of_record
TN:
SF:services/shopify/cache.ts
FN:5,getCached
FN:10,setCached
FN:10,(anonymous_10)
FNF:3
FNH:3
FNDA:1,getCached
FNDA:1,setCached
FNDA:1,(anonymous_10)
DA:1,2
DA:3,2
DA:5,2
DA:6,1
DA:7,1
DA:10,2
DA:11,1
LF:7
LH:7
BRDA:7,0,0,1
BRDA:7,0,1,0
BRDA:10,1,0,0
BRF:3
BRH:1
end_of_record
TN:
SF:services/shopify/index.ts
FN:11,getOrder
FN:42,createOrder
FN:58,updateOrder
FN:74,deleteOrder
FN:88,listOrders
FN:102,getProduct
FN:126,createProduct
FN:142,updateProduct
FN:158,deleteProduct
FNF:9
FNH:9
FNDA:4,getOrder
FNDA:2,createOrder
FNDA:2,updateOrder
FNDA:2,deleteOrder
FNDA:2,listOrders
FNDA:3,getProduct
FNDA:2,createProduct
FNDA:2,updateProduct
FNDA:2,deleteProduct
DA:2,1
DA:3,1
DA:5,1
DA:6,1
DA:8,1
DA:9,1
DA:11,1
DA:12,4
DA:13,4
DA:14,4
DA:15,4
DA:17,1
DA:19,4
DA:20,1
DA:23,3
DA:24,3
DA:32,2
DA:34,2
DA:35,2
DA:37,1
DA:38,1
DA:42,1
DA:43,2
DA:44,2
DA:52,1
DA:54,1
DA:58,1
DA:59,2
DA:60,2
DA:68,1
DA:70,1
DA:74,1
DA:75,2
DA:76,2
DA:81,1
DA:83,1
DA:84,1
DA:88,1
DA:89,2
DA:90,2
DA:95,1
DA:97,1
DA:98,1
DA:102,1
DA:103,3
DA:104,3
DA:106,3
DA:107,1
DA:110,2
DA:111,2
DA:116,1
DA:118,1
DA:119,1
DA:121,1
DA:122,1
DA:126,1
DA:127,2
DA:128,2
DA:136,1
DA:138,1
DA:142,1
DA:143,2
DA:144,2
DA:152,1
DA:154,1
DA:158,1
DA:159,2
DA:160,2
DA:165,1
DA:167,1
DA:168,1
LF:71
LH:71
BRDA:19,0,0,1
BRDA:106,1,0,1
BRF:2
BRH:2
end_of_record
TN:
SF:templates/autoReply.ts
FN:1,generateAutoReplyContent
FNF:1
FNH:1
FNDA:1,generateAutoReplyContent
DA:1,1
DA:2,1
DA:3,1
LF:3
LH:3
BRF:0
BRH:0
end_of_record
